<?xml version="1.0" encoding="UTF-8"?>
<testsuite name="com.zheye.question.SmokeTest" tests="1" skipped="0" failures="0" errors="0" timestamp="2022-03-31T12:17:50" hostname="LAPTOP-027KLN9G" time="0.016">
  <properties/>
  <testcase name="one_plus_one_should_equal_two()" classname="com.zheye.question.SmokeTest" time="0.016"/>
  <system-out><![CDATA[]]></system-out>
  <system-err><![CDATA[]]></system-err>
</testsuite>
